[2023-08-06 17:22:35] local.ERROR: View [auth.login] not found. {"exception":"[object] (InvalidArgumentException(code: 0): View [auth.login] not found. at /home/ghsahd/MyWork/web/laravel_sarpras/vendor/laravel/framework/src/Illuminate/View/FileViewFinder.php:137)
[stacktrace]
#0 /home/ghsahd/MyWork/web/laravel_sarpras/vendor/laravel/framework/src/Illuminate/View/FileViewFinder.php(79): Illuminate\\View\\FileViewFinder->findInPaths()
#1 /home/ghsahd/MyWork/web/laravel_sarpras/vendor/laravel/framework/src/Illuminate/View/Factory.php(131): Illuminate\\View\\FileViewFinder->find()
#2 /home/ghsahd/MyWork/web/laravel_sarpras/vendor/laravel/framework/src/Illuminate/Foundation/helpers.php(971): Illuminate\\View\\Factory->make()
#3 /home/ghsahd/MyWork/web/laravel_sarpras/routes/web.php(15): view()
#4 /home/ghsahd/MyWork/web/laravel_sarpras/vendor/laravel/framework/src/Illuminate/Routing/Route.php(205): Illuminate\\Routing\\RouteFileRegistrar->{closure}()
#5 /home/ghsahd/MyWork/web/laravel_sarpras/vendor/laravel/framework/src/Illuminate/Routing/Route.php(179): Illuminate\\Routing\\Route->runCallable()
#6 /home/ghsahd/MyWork/web/laravel_sarpras/vendor/laravel/framework/src/Illuminate/Routing/Router.php(680): Illuminate\\Routing\\Route->run()
#7 /home/ghsahd/MyWork/web/laravel_sarpras/vendor/laravel/framework/src/Illuminate/Routing/Pipeline.php(30): Illuminate\\Routing\\Router->Illuminate\\Routing\\{closure}()
#8 /home/ghsahd/MyWork/web/laravel_sarpras/vendor/laravel/framework/src/Illuminate/Routing/Middleware/SubstituteBindings.php(41): Illuminate\\Routing\\Pipeline->Illuminate\\Routing\\{closure}()
#9 /home/ghsahd/MyWork/web/laravel_sarpras/vendor/laravel/framework/src/Illuminate/Pipeline/Pipeline.php(163): Illuminate\\Routing\\Middleware\\SubstituteBindings->handle()
#10 /home/ghsahd/MyWork/web/laravel_sarpras/vendor/laravel/framework/src/Illuminate/Routing/Pipeline.php(53): Illuminate\\Pipeline\\Pipeline->Illuminate\\Pipeline\\{closure}()
#11 /home/ghsahd/MyWork/web/laravel_sarpras/vendor/laravel/framework/src/Illuminate/Foundation/Http/Middleware/VerifyCsrfToken.php(75): Illuminate\\Routing\\Pipeline->Illuminate\\Routing\\{closure}()
#12 /home/ghsahd/MyWork/web/laravel_sarpras/vendor/laravel/framework/src/Illuminate/Pipeline/Pipeline.php(163): Illuminate\\Foundation\\Http\\Middleware\\VerifyCsrfToken->handle()
#13 /home/ghsahd/MyWork/web/laravel_sarpras/vendor/laravel/framework/src/Illuminate/Routing/Pipeline.php(53): Illuminate\\Pipeline\\Pipeline->Illuminate\\Pipeline\\{closure}()
#14 /home/ghsahd/MyWork/web/laravel_sarpras/vendor/laravel/framework/src/Illuminate/View/Middleware/ShareErrorsFromSession.php(49): Illuminate\\Routing\\Pipeline->Illuminate\\Routing\\{closure}()
#15 /home/ghsahd/MyWork/web/laravel_sarpras/vendor/laravel/framework/src/Illuminate/Pipeline/Pipeline.php(163): Illuminate\\View\\Middleware\\ShareErrorsFromSession->handle()
#16 /home/ghsahd/MyWork/web/laravel_sarpras/vendor/laravel/framework/src/Illuminate/Routing/Pipeline.php(53): Illuminate\\Pipeline\\Pipeline->Illuminate\\Pipeline\\{closure}()
#17 /home/ghsahd/MyWork/web/laravel_sarpras/vendor/laravel/framework/src/Illuminate/Session/Middleware/StartSession.php(56): Illuminate\\Routing\\Pipeline->Illuminate\\Routing\\{closure}()
#18 /home/ghsahd/MyWork/web/laravel_sarpras/vendor/laravel/framework/src/Illuminate/Pipeline/Pipeline.php(163): Illuminate\\Session\\Middleware\\StartSession->handle()
#19 /home/ghsahd/MyWork/web/laravel_sarpras/vendor/laravel/framework/src/Illuminate/Routing/Pipeline.php(53): Illuminate\\Pipeline\\Pipeline->Illuminate\\Pipeline\\{closure}()
#20 /home/ghsahd/MyWork/web/laravel_sarpras/vendor/laravel/framework/src/Illuminate/Cookie/Middleware/AddQueuedCookiesToResponse.php(37): Illuminate\\Routing\\Pipeline->Illuminate\\Routing\\{closure}()
#21 /home/ghsahd/MyWork/web/laravel_sarpras/vendor/laravel/framework/src/Illuminate/Pipeline/Pipeline.php(163): Illuminate\\Cookie\\Middleware\\AddQueuedCookiesToResponse->handle()
#22 /home/ghsahd/MyWork/web/laravel_sarpras/vendor/laravel/framework/src/Illuminate/Routing/Pipeline.php(53): Illuminate\\Pipeline\\Pipeline->Illuminate\\Pipeline\\{closure}()
#23 /home/ghsahd/MyWork/web/laravel_sarpras/vendor/laravel/framework/src/Illuminate/Cookie/Middleware/EncryptCookies.php(66): Illuminate\\Routing\\Pipeline->Illuminate\\Routing\\{closure}()
#24 /home/ghsahd/MyWork/web/laravel_sarpras/vendor/laravel/framework/src/Illuminate/Pipeline/Pipeline.php(163): Illuminate\\Cookie\\Middleware\\EncryptCookies->handle()
#25 /home/ghsahd/MyWork/web/laravel_sarpras/vendor/laravel/framework/src/Illuminate/Routing/Pipeline.php(53): Illuminate\\Pipeline\\Pipeline->Illuminate\\Pipeline\\{closure}()
#26 /home/ghsahd/MyWork/web/laravel_sarpras/vendor/laravel/framework/src/Illuminate/Pipeline/Pipeline.php(104): Illuminate\\Routing\\Pipeline->Illuminate\\Routing\\{closure}()
#27 /home/ghsahd/MyWork/web/laravel_sarpras/vendor/laravel/framework/src/Illuminate/Routing/Router.php(682): Illuminate\\Pipeline\\Pipeline->then()
#28 /home/ghsahd/MyWork/web/laravel_sarpras/vendor/laravel/framework/src/Illuminate/Routing/Router.php(657): Illuminate\\Routing\\Router->runRouteWithinStack()
#29 /home/ghsahd/MyWork/web/laravel_sarpras/vendor/laravel/framework/src/Illuminate/Routing/Router.php(623): Illuminate\\Routing\\Router->runRoute()
#30 /home/ghsahd/MyWork/web/laravel_sarpras/vendor/laravel/framework/src/Illuminate/Routing/Router.php(612): Illuminate\\Routing\\Router->dispatchToRoute()
#31 /home/ghsahd/MyWork/web/laravel_sarpras/vendor/laravel/framework/src/Illuminate/Foundation/Http/Kernel.php(176): Illuminate\\Routing\\Router->dispatch()
#32 /home/ghsahd/MyWork/web/laravel_sarpras/vendor/laravel/framework/src/Illuminate/Routing/Pipeline.php(30): Illuminate\\Foundation\\Http\\Kernel->Illuminate\\Foundation\\Http\\{closure}()
#33 /home/ghsahd/MyWork/web/laravel_sarpras/vendor/fideloper/proxy/src/TrustProxies.php(57): Illuminate\\Routing\\Pipeline->Illuminate\\Routing\\{closure}()
#34 /home/ghsahd/MyWork/web/laravel_sarpras/vendor/laravel/framework/src/Illuminate/Pipeline/Pipeline.php(163): Fideloper\\Proxy\\TrustProxies->handle()
#35 /home/ghsahd/MyWork/web/laravel_sarpras/vendor/laravel/framework/src/Illuminate/Routing/Pipeline.php(53): Illuminate\\Pipeline\\Pipeline->Illuminate\\Pipeline\\{closure}()
#36 /home/ghsahd/MyWork/web/laravel_sarpras/vendor/laravel/framework/src/Illuminate/Foundation/Http/Middleware/TransformsRequest.php(21): Illuminate\\Routing\\Pipeline->Illuminate\\Routing\\{closure}()
#37 /home/ghsahd/MyWork/web/laravel_sarpras/vendor/laravel/framework/src/Illuminate/Pipeline/Pipeline.php(163): Illuminate\\Foundation\\Http\\Middleware\\TransformsRequest->handle()
#38 /home/ghsahd/MyWork/web/laravel_sarpras/vendor/laravel/framework/src/Illuminate/Routing/Pipeline.php(53): Illuminate\\Pipeline\\Pipeline->Illuminate\\Pipeline\\{closure}()
#39 /home/ghsahd/MyWork/web/laravel_sarpras/vendor/laravel/framework/src/Illuminate/Foundation/Http/Middleware/TransformsRequest.php(21): Illuminate\\Routing\\Pipeline->Illuminate\\Routing\\{closure}()
#40 /home/ghsahd/MyWork/web/laravel_sarpras/vendor/laravel/framework/src/Illuminate/Pipeline/Pipeline.php(163): Illuminate\\Foundation\\Http\\Middleware\\TransformsRequest->handle()
#41 /home/ghsahd/MyWork/web/laravel_sarpras/vendor/laravel/framework/src/Illuminate/Routing/Pipeline.php(53): Illuminate\\Pipeline\\Pipeline->Illuminate\\Pipeline\\{closure}()
#42 /home/ghsahd/MyWork/web/laravel_sarpras/vendor/laravel/framework/src/Illuminate/Foundation/Http/Middleware/ValidatePostSize.php(27): Illuminate\\Routing\\Pipeline->Illuminate\\Routing\\{closure}()
#43 /home/ghsahd/MyWork/web/laravel_sarpras/vendor/laravel/framework/src/Illuminate/Pipeline/Pipeline.php(163): Illuminate\\Foundation\\Http\\Middleware\\ValidatePostSize->handle()
#44 /home/ghsahd/MyWork/web/laravel_sarpras/vendor/laravel/framework/src/Illuminate/Routing/Pipeline.php(53): Illuminate\\Pipeline\\Pipeline->Illuminate\\Pipeline\\{closure}()
#45 /home/ghsahd/MyWork/web/laravel_sarpras/vendor/laravel/framework/src/Illuminate/Foundation/Http/Middleware/CheckForMaintenanceMode.php(62): Illuminate\\Routing\\Pipeline->Illuminate\\Routing\\{closure}()
#46 /home/ghsahd/MyWork/web/laravel_sarpras/vendor/laravel/framework/src/Illuminate/Pipeline/Pipeline.php(163): Illuminate\\Foundation\\Http\\Middleware\\CheckForMaintenanceMode->handle()
#47 /home/ghsahd/MyWork/web/laravel_sarpras/vendor/laravel/framework/src/Illuminate/Routing/Pipeline.php(53): Illuminate\\Pipeline\\Pipeline->Illuminate\\Pipeline\\{closure}()
#48 /home/ghsahd/MyWork/web/laravel_sarpras/vendor/laravel/framework/src/Illuminate/Pipeline/Pipeline.php(104): Illuminate\\Routing\\Pipeline->Illuminate\\Routing\\{closure}()
#49 /home/ghsahd/MyWork/web/laravel_sarpras/vendor/laravel/framework/src/Illuminate/Foundation/Http/Kernel.php(151): Illuminate\\Pipeline\\Pipeline->then()
#50 /home/ghsahd/MyWork/web/laravel_sarpras/vendor/laravel/framework/src/Illuminate/Foundation/Http/Kernel.php(116): Illuminate\\Foundation\\Http\\Kernel->sendRequestThroughRouter()
#51 /home/ghsahd/MyWork/web/laravel_sarpras/public/index.php(55): Illuminate\\Foundation\\Http\\Kernel->handle()
#52 /home/ghsahd/MyWork/web/laravel_sarpras/server.php(21): require_once('/home/ghsahd/My...')
#53 {main}
"} 
[2023-08-06 17:22:35] local.ERROR: file_put_contents(D:\Project PKL\Aplikasi Inventaris Barang dengan QR Code Berbasis Website\laravel_sarpras\storage\framework/sessions/ZNwS3HsqHGnddvt6UUi0br1WPXJYnNsUSEobuYxm): failed to open stream: No such file or directory {"exception":"[object] (ErrorException(code: 0): file_put_contents(D:\\Project PKL\\Aplikasi Inventaris Barang dengan QR Code Berbasis Website\\laravel_sarpras\\storage\\framework/sessions/ZNwS3HsqHGnddvt6UUi0br1WPXJYnNsUSEobuYxm): failed to open stream: No such file or directory at /home/ghsahd/MyWork/web/laravel_sarpras/vendor/laravel/framework/src/Illuminate/Filesystem/Filesystem.php:122)
[stacktrace]
#0 [internal function]: Illuminate\\Foundation\\Bootstrap\\HandleExceptions->handleError()
#1 /home/ghsahd/MyWork/web/laravel_sarpras/vendor/laravel/framework/src/Illuminate/Filesystem/Filesystem.php(122): file_put_contents()
#2 /home/ghsahd/MyWork/web/laravel_sarpras/vendor/laravel/framework/src/Illuminate/Session/FileSessionHandler.php(83): Illuminate\\Filesystem\\Filesystem->put()
#3 /home/ghsahd/MyWork/web/laravel_sarpras/vendor/laravel/framework/src/Illuminate/Session/Store.php(129): Illuminate\\Session\\FileSessionHandler->write()
#4 /home/ghsahd/MyWork/web/laravel_sarpras/vendor/laravel/framework/src/Illuminate/Session/Middleware/StartSession.php(170): Illuminate\\Session\\Store->save()
#5 /home/ghsahd/MyWork/web/laravel_sarpras/vendor/laravel/framework/src/Illuminate/Session/Middleware/StartSession.php(65): Illuminate\\Session\\Middleware\\StartSession->saveSession()
#6 /home/ghsahd/MyWork/web/laravel_sarpras/vendor/laravel/framework/src/Illuminate/Pipeline/Pipeline.php(163): Illuminate\\Session\\Middleware\\StartSession->handle()
#7 /home/ghsahd/MyWork/web/laravel_sarpras/vendor/laravel/framework/src/Illuminate/Routing/Pipeline.php(53): Illuminate\\Pipeline\\Pipeline->Illuminate\\Pipeline\\{closure}()
#8 /home/ghsahd/MyWork/web/laravel_sarpras/vendor/laravel/framework/src/Illuminate/Cookie/Middleware/AddQueuedCookiesToResponse.php(37): Illuminate\\Routing\\Pipeline->Illuminate\\Routing\\{closure}()
#9 /home/ghsahd/MyWork/web/laravel_sarpras/vendor/laravel/framework/src/Illuminate/Pipeline/Pipeline.php(163): Illuminate\\Cookie\\Middleware\\AddQueuedCookiesToResponse->handle()
#10 /home/ghsahd/MyWork/web/laravel_sarpras/vendor/laravel/framework/src/Illuminate/Routing/Pipeline.php(53): Illuminate\\Pipeline\\Pipeline->Illuminate\\Pipeline\\{closure}()
#11 /home/ghsahd/MyWork/web/laravel_sarpras/vendor/laravel/framework/src/Illuminate/Cookie/Middleware/EncryptCookies.php(66): Illuminate\\Routing\\Pipeline->Illuminate\\Routing\\{closure}()
#12 /home/ghsahd/MyWork/web/laravel_sarpras/vendor/laravel/framework/src/Illuminate/Pipeline/Pipeline.php(163): Illuminate\\Cookie\\Middleware\\EncryptCookies->handle()
#13 /home/ghsahd/MyWork/web/laravel_sarpras/vendor/laravel/framework/src/Illuminate/Routing/Pipeline.php(53): Illuminate\\Pipeline\\Pipeline->Illuminate\\Pipeline\\{closure}()
#14 /home/ghsahd/MyWork/web/laravel_sarpras/vendor/laravel/framework/src/Illuminate/Pipeline/Pipeline.php(104): Illuminate\\Routing\\Pipeline->Illuminate\\Routing\\{closure}()
#15 /home/ghsahd/MyWork/web/laravel_sarpras/vendor/laravel/framework/src/Illuminate/Routing/Router.php(682): Illuminate\\Pipeline\\Pipeline->then()
#16 /home/ghsahd/MyWork/web/laravel_sarpras/vendor/laravel/framework/src/Illuminate/Routing/Router.php(657): Illuminate\\Routing\\Router->runRouteWithinStack()
#17 /home/ghsahd/MyWork/web/laravel_sarpras/vendor/laravel/framework/src/Illuminate/Routing/Router.php(623): Illuminate\\Routing\\Router->runRoute()
#18 /home/ghsahd/MyWork/web/laravel_sarpras/vendor/laravel/framework/src/Illuminate/Routing/Router.php(612): Illuminate\\Routing\\Router->dispatchToRoute()
#19 /home/ghsahd/MyWork/web/laravel_sarpras/vendor/laravel/framework/src/Illuminate/Foundation/Http/Kernel.php(176): Illuminate\\Routing\\Router->dispatch()
#20 /home/ghsahd/MyWork/web/laravel_sarpras/vendor/laravel/framework/src/Illuminate/Routing/Pipeline.php(30): Illuminate\\Foundation\\Http\\Kernel->Illuminate\\Foundation\\Http\\{closure}()
#21 /home/ghsahd/MyWork/web/laravel_sarpras/vendor/fideloper/proxy/src/TrustProxies.php(57): Illuminate\\Routing\\Pipeline->Illuminate\\Routing\\{closure}()
#22 /home/ghsahd/MyWork/web/laravel_sarpras/vendor/laravel/framework/src/Illuminate/Pipeline/Pipeline.php(163): Fideloper\\Proxy\\TrustProxies->handle()
#23 /home/ghsahd/MyWork/web/laravel_sarpras/vendor/laravel/framework/src/Illuminate/Routing/Pipeline.php(53): Illuminate\\Pipeline\\Pipeline->Illuminate\\Pipeline\\{closure}()
#24 /home/ghsahd/MyWork/web/laravel_sarpras/vendor/laravel/framework/src/Illuminate/Foundation/Http/Middleware/TransformsRequest.php(21): Illuminate\\Routing\\Pipeline->Illuminate\\Routing\\{closure}()
#25 /home/ghsahd/MyWork/web/laravel_sarpras/vendor/laravel/framework/src/Illuminate/Pipeline/Pipeline.php(163): Illuminate\\Foundation\\Http\\Middleware\\TransformsRequest->handle()
#26 /home/ghsahd/MyWork/web/laravel_sarpras/vendor/laravel/framework/src/Illuminate/Routing/Pipeline.php(53): Illuminate\\Pipeline\\Pipeline->Illuminate\\Pipeline\\{closure}()
#27 /home/ghsahd/MyWork/web/laravel_sarpras/vendor/laravel/framework/src/Illuminate/Foundation/Http/Middleware/TransformsRequest.php(21): Illuminate\\Routing\\Pipeline->Illuminate\\Routing\\{closure}()
#28 /home/ghsahd/MyWork/web/laravel_sarpras/vendor/laravel/framework/src/Illuminate/Pipeline/Pipeline.php(163): Illuminate\\Foundation\\Http\\Middleware\\TransformsRequest->handle()
#29 /home/ghsahd/MyWork/web/laravel_sarpras/vendor/laravel/framework/src/Illuminate/Routing/Pipeline.php(53): Illuminate\\Pipeline\\Pipeline->Illuminate\\Pipeline\\{closure}()
#30 /home/ghsahd/MyWork/web/laravel_sarpras/vendor/laravel/framework/src/Illuminate/Foundation/Http/Middleware/ValidatePostSize.php(27): Illuminate\\Routing\\Pipeline->Illuminate\\Routing\\{closure}()
#31 /home/ghsahd/MyWork/web/laravel_sarpras/vendor/laravel/framework/src/Illuminate/Pipeline/Pipeline.php(163): Illuminate\\Foundation\\Http\\Middleware\\ValidatePostSize->handle()
#32 /home/ghsahd/MyWork/web/laravel_sarpras/vendor/laravel/framework/src/Illuminate/Routing/Pipeline.php(53): Illuminate\\Pipeline\\Pipeline->Illuminate\\Pipeline\\{closure}()
#33 /home/ghsahd/MyWork/web/laravel_sarpras/vendor/laravel/framework/src/Illuminate/Foundation/Http/Middleware/CheckForMaintenanceMode.php(62): Illuminate\\Routing\\Pipeline->Illuminate\\Routing\\{closure}()
#34 /home/ghsahd/MyWork/web/laravel_sarpras/vendor/laravel/framework/src/Illuminate/Pipeline/Pipeline.php(163): Illuminate\\Foundation\\Http\\Middleware\\CheckForMaintenanceMode->handle()
#35 /home/ghsahd/MyWork/web/laravel_sarpras/vendor/laravel/framework/src/Illuminate/Routing/Pipeline.php(53): Illuminate\\Pipeline\\Pipeline->Illuminate\\Pipeline\\{closure}()
#36 /home/ghsahd/MyWork/web/laravel_sarpras/vendor/laravel/framework/src/Illuminate/Pipeline/Pipeline.php(104): Illuminate\\Routing\\Pipeline->Illuminate\\Routing\\{closure}()
#37 /home/ghsahd/MyWork/web/laravel_sarpras/vendor/laravel/framework/src/Illuminate/Foundation/Http/Kernel.php(151): Illuminate\\Pipeline\\Pipeline->then()
#38 /home/ghsahd/MyWork/web/laravel_sarpras/vendor/laravel/framework/src/Illuminate/Foundation/Http/Kernel.php(116): Illuminate\\Foundation\\Http\\Kernel->sendRequestThroughRouter()
#39 /home/ghsahd/MyWork/web/laravel_sarpras/public/index.php(55): Illuminate\\Foundation\\Http\\Kernel->handle()
#40 /home/ghsahd/MyWork/web/laravel_sarpras/server.php(21): require_once('/home/ghsahd/My...')
#41 {main}
"} 
[2023-08-06 17:24:28] local.ERROR: View [auth.login] not found. {"exception":"[object] (InvalidArgumentException(code: 0): View [auth.login] not found. at /home/ghsahd/MyWork/web/laravel_sarpras/vendor/laravel/framework/src/Illuminate/View/FileViewFinder.php:137)
[stacktrace]
#0 /home/ghsahd/MyWork/web/laravel_sarpras/vendor/laravel/framework/src/Illuminate/View/FileViewFinder.php(79): Illuminate\\View\\FileViewFinder->findInPaths()
#1 /home/ghsahd/MyWork/web/laravel_sarpras/vendor/laravel/framework/src/Illuminate/View/Factory.php(131): Illuminate\\View\\FileViewFinder->find()
#2 /home/ghsahd/MyWork/web/laravel_sarpras/vendor/laravel/framework/src/Illuminate/Foundation/helpers.php(971): Illuminate\\View\\Factory->make()
#3 /home/ghsahd/MyWork/web/laravel_sarpras/routes/web.php(15): view()
#4 /home/ghsahd/MyWork/web/laravel_sarpras/vendor/laravel/framework/src/Illuminate/Routing/Route.php(205): Illuminate\\Routing\\RouteFileRegistrar->{closure}()
#5 /home/ghsahd/MyWork/web/laravel_sarpras/vendor/laravel/framework/src/Illuminate/Routing/Route.php(179): Illuminate\\Routing\\Route->runCallable()
#6 /home/ghsahd/MyWork/web/laravel_sarpras/vendor/laravel/framework/src/Illuminate/Routing/Router.php(680): Illuminate\\Routing\\Route->run()
#7 /home/ghsahd/MyWork/web/laravel_sarpras/vendor/laravel/framework/src/Illuminate/Routing/Pipeline.php(30): Illuminate\\Routing\\Router->Illuminate\\Routing\\{closure}()
#8 /home/ghsahd/MyWork/web/laravel_sarpras/vendor/laravel/framework/src/Illuminate/Routing/Middleware/SubstituteBindings.php(41): Illuminate\\Routing\\Pipeline->Illuminate\\Routing\\{closure}()
#9 /home/ghsahd/MyWork/web/laravel_sarpras/vendor/laravel/framework/src/Illuminate/Pipeline/Pipeline.php(163): Illuminate\\Routing\\Middleware\\SubstituteBindings->handle()
#10 /home/ghsahd/MyWork/web/laravel_sarpras/vendor/laravel/framework/src/Illuminate/Routing/Pipeline.php(53): Illuminate\\Pipeline\\Pipeline->Illuminate\\Pipeline\\{closure}()
#11 /home/ghsahd/MyWork/web/laravel_sarpras/vendor/laravel/framework/src/Illuminate/Foundation/Http/Middleware/VerifyCsrfToken.php(75): Illuminate\\Routing\\Pipeline->Illuminate\\Routing\\{closure}()
#12 /home/ghsahd/MyWork/web/laravel_sarpras/vendor/laravel/framework/src/Illuminate/Pipeline/Pipeline.php(163): Illuminate\\Foundation\\Http\\Middleware\\VerifyCsrfToken->handle()
#13 /home/ghsahd/MyWork/web/laravel_sarpras/vendor/laravel/framework/src/Illuminate/Routing/Pipeline.php(53): Illuminate\\Pipeline\\Pipeline->Illuminate\\Pipeline\\{closure}()
#14 /home/ghsahd/MyWork/web/laravel_sarpras/vendor/laravel/framework/src/Illuminate/View/Middleware/ShareErrorsFromSession.php(49): Illuminate\\Routing\\Pipeline->Illuminate\\Routing\\{closure}()
#15 /home/ghsahd/MyWork/web/laravel_sarpras/vendor/laravel/framework/src/Illuminate/Pipeline/Pipeline.php(163): Illuminate\\View\\Middleware\\ShareErrorsFromSession->handle()
#16 /home/ghsahd/MyWork/web/laravel_sarpras/vendor/laravel/framework/src/Illuminate/Routing/Pipeline.php(53): Illuminate\\Pipeline\\Pipeline->Illuminate\\Pipeline\\{closure}()
#17 /home/ghsahd/MyWork/web/laravel_sarpras/vendor/laravel/framework/src/Illuminate/Session/Middleware/StartSession.php(56): Illuminate\\Routing\\Pipeline->Illuminate\\Routing\\{closure}()
#18 /home/ghsahd/MyWork/web/laravel_sarpras/vendor/laravel/framework/src/Illuminate/Pipeline/Pipeline.php(163): Illuminate\\Session\\Middleware\\StartSession->handle()
#19 /home/ghsahd/MyWork/web/laravel_sarpras/vendor/laravel/framework/src/Illuminate/Routing/Pipeline.php(53): Illuminate\\Pipeline\\Pipeline->Illuminate\\Pipeline\\{closure}()
#20 /home/ghsahd/MyWork/web/laravel_sarpras/vendor/laravel/framework/src/Illuminate/Cookie/Middleware/AddQueuedCookiesToResponse.php(37): Illuminate\\Routing\\Pipeline->Illuminate\\Routing\\{closure}()
#21 /home/ghsahd/MyWork/web/laravel_sarpras/vendor/laravel/framework/src/Illuminate/Pipeline/Pipeline.php(163): Illuminate\\Cookie\\Middleware\\AddQueuedCookiesToResponse->handle()
#22 /home/ghsahd/MyWork/web/laravel_sarpras/vendor/laravel/framework/src/Illuminate/Routing/Pipeline.php(53): Illuminate\\Pipeline\\Pipeline->Illuminate\\Pipeline\\{closure}()
#23 /home/ghsahd/MyWork/web/laravel_sarpras/vendor/laravel/framework/src/Illuminate/Cookie/Middleware/EncryptCookies.php(66): Illuminate\\Routing\\Pipeline->Illuminate\\Routing\\{closure}()
#24 /home/ghsahd/MyWork/web/laravel_sarpras/vendor/laravel/framework/src/Illuminate/Pipeline/Pipeline.php(163): Illuminate\\Cookie\\Middleware\\EncryptCookies->handle()
#25 /home/ghsahd/MyWork/web/laravel_sarpras/vendor/laravel/framework/src/Illuminate/Routing/Pipeline.php(53): Illuminate\\Pipeline\\Pipeline->Illuminate\\Pipeline\\{closure}()
#26 /home/ghsahd/MyWork/web/laravel_sarpras/vendor/laravel/framework/src/Illuminate/Pipeline/Pipeline.php(104): Illuminate\\Routing\\Pipeline->Illuminate\\Routing\\{closure}()
#27 /home/ghsahd/MyWork/web/laravel_sarpras/vendor/laravel/framework/src/Illuminate/Routing/Router.php(682): Illuminate\\Pipeline\\Pipeline->then()
#28 /home/ghsahd/MyWork/web/laravel_sarpras/vendor/laravel/framework/src/Illuminate/Routing/Router.php(657): Illuminate\\Routing\\Router->runRouteWithinStack()
#29 /home/ghsahd/MyWork/web/laravel_sarpras/vendor/laravel/framework/src/Illuminate/Routing/Router.php(623): Illuminate\\Routing\\Router->runRoute()
#30 /home/ghsahd/MyWork/web/laravel_sarpras/vendor/laravel/framework/src/Illuminate/Routing/Router.php(612): Illuminate\\Routing\\Router->dispatchToRoute()
#31 /home/ghsahd/MyWork/web/laravel_sarpras/vendor/laravel/framework/src/Illuminate/Foundation/Http/Kernel.php(176): Illuminate\\Routing\\Router->dispatch()
#32 /home/ghsahd/MyWork/web/laravel_sarpras/vendor/laravel/framework/src/Illuminate/Routing/Pipeline.php(30): Illuminate\\Foundation\\Http\\Kernel->Illuminate\\Foundation\\Http\\{closure}()
#33 /home/ghsahd/MyWork/web/laravel_sarpras/vendor/fideloper/proxy/src/TrustProxies.php(57): Illuminate\\Routing\\Pipeline->Illuminate\\Routing\\{closure}()
#34 /home/ghsahd/MyWork/web/laravel_sarpras/vendor/laravel/framework/src/Illuminate/Pipeline/Pipeline.php(163): Fideloper\\Proxy\\TrustProxies->handle()
#35 /home/ghsahd/MyWork/web/laravel_sarpras/vendor/laravel/framework/src/Illuminate/Routing/Pipeline.php(53): Illuminate\\Pipeline\\Pipeline->Illuminate\\Pipeline\\{closure}()
#36 /home/ghsahd/MyWork/web/laravel_sarpras/vendor/laravel/framework/src/Illuminate/Foundation/Http/Middleware/TransformsRequest.php(21): Illuminate\\Routing\\Pipeline->Illuminate\\Routing\\{closure}()
#37 /home/ghsahd/MyWork/web/laravel_sarpras/vendor/laravel/framework/src/Illuminate/Pipeline/Pipeline.php(163): Illuminate\\Foundation\\Http\\Middleware\\TransformsRequest->handle()
#38 /home/ghsahd/MyWork/web/laravel_sarpras/vendor/laravel/framework/src/Illuminate/Routing/Pipeline.php(53): Illuminate\\Pipeline\\Pipeline->Illuminate\\Pipeline\\{closure}()
#39 /home/ghsahd/MyWork/web/laravel_sarpras/vendor/laravel/framework/src/Illuminate/Foundation/Http/Middleware/TransformsRequest.php(21): Illuminate\\Routing\\Pipeline->Illuminate\\Routing\\{closure}()
#40 /home/ghsahd/MyWork/web/laravel_sarpras/vendor/laravel/framework/src/Illuminate/Pipeline/Pipeline.php(163): Illuminate\\Foundation\\Http\\Middleware\\TransformsRequest->handle()
#41 /home/ghsahd/MyWork/web/laravel_sarpras/vendor/laravel/framework/src/Illuminate/Routing/Pipeline.php(53): Illuminate\\Pipeline\\Pipeline->Illuminate\\Pipeline\\{closure}()
#42 /home/ghsahd/MyWork/web/laravel_sarpras/vendor/laravel/framework/src/Illuminate/Foundation/Http/Middleware/ValidatePostSize.php(27): Illuminate\\Routing\\Pipeline->Illuminate\\Routing\\{closure}()
#43 /home/ghsahd/MyWork/web/laravel_sarpras/vendor/laravel/framework/src/Illuminate/Pipeline/Pipeline.php(163): Illuminate\\Foundation\\Http\\Middleware\\ValidatePostSize->handle()
#44 /home/ghsahd/MyWork/web/laravel_sarpras/vendor/laravel/framework/src/Illuminate/Routing/Pipeline.php(53): Illuminate\\Pipeline\\Pipeline->Illuminate\\Pipeline\\{closure}()
#45 /home/ghsahd/MyWork/web/laravel_sarpras/vendor/laravel/framework/src/Illuminate/Foundation/Http/Middleware/CheckForMaintenanceMode.php(62): Illuminate\\Routing\\Pipeline->Illuminate\\Routing\\{closure}()
#46 /home/ghsahd/MyWork/web/laravel_sarpras/vendor/laravel/framework/src/Illuminate/Pipeline/Pipeline.php(163): Illuminate\\Foundation\\Http\\Middleware\\CheckForMaintenanceMode->handle()
#47 /home/ghsahd/MyWork/web/laravel_sarpras/vendor/laravel/framework/src/Illuminate/Routing/Pipeline.php(53): Illuminate\\Pipeline\\Pipeline->Illuminate\\Pipeline\\{closure}()
#48 /home/ghsahd/MyWork/web/laravel_sarpras/vendor/laravel/framework/src/Illuminate/Pipeline/Pipeline.php(104): Illuminate\\Routing\\Pipeline->Illuminate\\Routing\\{closure}()
#49 /home/ghsahd/MyWork/web/laravel_sarpras/vendor/laravel/framework/src/Illuminate/Foundation/Http/Kernel.php(151): Illuminate\\Pipeline\\Pipeline->then()
#50 /home/ghsahd/MyWork/web/laravel_sarpras/vendor/laravel/framework/src/Illuminate/Foundation/Http/Kernel.php(116): Illuminate\\Foundation\\Http\\Kernel->sendRequestThroughRouter()
#51 /home/ghsahd/MyWork/web/laravel_sarpras/public/index.php(55): Illuminate\\Foundation\\Http\\Kernel->handle()
#52 /home/ghsahd/MyWork/web/laravel_sarpras/server.php(21): require_once('/home/ghsahd/My...')
#53 {main}
"} 
[2023-08-06 17:24:29] local.ERROR: file_put_contents(D:\Project PKL\Aplikasi Inventaris Barang dengan QR Code Berbasis Website\laravel_sarpras\storage\framework/sessions/ca7TPJ7bDnqnzwIUg9hcXrf7OVtvd4HFLHDc5sZ6): failed to open stream: No such file or directory {"exception":"[object] (ErrorException(code: 0): file_put_contents(D:\\Project PKL\\Aplikasi Inventaris Barang dengan QR Code Berbasis Website\\laravel_sarpras\\storage\\framework/sessions/ca7TPJ7bDnqnzwIUg9hcXrf7OVtvd4HFLHDc5sZ6): failed to open stream: No such file or directory at /home/ghsahd/MyWork/web/laravel_sarpras/vendor/laravel/framework/src/Illuminate/Filesystem/Filesystem.php:122)
[stacktrace]
#0 [internal function]: Illuminate\\Foundation\\Bootstrap\\HandleExceptions->handleError()
#1 /home/ghsahd/MyWork/web/laravel_sarpras/vendor/laravel/framework/src/Illuminate/Filesystem/Filesystem.php(122): file_put_contents()
#2 /home/ghsahd/MyWork/web/laravel_sarpras/vendor/laravel/framework/src/Illuminate/Session/FileSessionHandler.php(83): Illuminate\\Filesystem\\Filesystem->put()
#3 /home/ghsahd/MyWork/web/laravel_sarpras/vendor/laravel/framework/src/Illuminate/Session/Store.php(129): Illuminate\\Session\\FileSessionHandler->write()
#4 /home/ghsahd/MyWork/web/laravel_sarpras/vendor/laravel/framework/src/Illuminate/Session/Middleware/StartSession.php(170): Illuminate\\Session\\Store->save()
#5 /home/ghsahd/MyWork/web/laravel_sarpras/vendor/laravel/framework/src/Illuminate/Session/Middleware/StartSession.php(65): Illuminate\\Session\\Middleware\\StartSession->saveSession()
#6 /home/ghsahd/MyWork/web/laravel_sarpras/vendor/laravel/framework/src/Illuminate/Pipeline/Pipeline.php(163): Illuminate\\Session\\Middleware\\StartSession->handle()
#7 /home/ghsahd/MyWork/web/laravel_sarpras/vendor/laravel/framework/src/Illuminate/Routing/Pipeline.php(53): Illuminate\\Pipeline\\Pipeline->Illuminate\\Pipeline\\{closure}()
#8 /home/ghsahd/MyWork/web/laravel_sarpras/vendor/laravel/framework/src/Illuminate/Cookie/Middleware/AddQueuedCookiesToResponse.php(37): Illuminate\\Routing\\Pipeline->Illuminate\\Routing\\{closure}()
#9 /home/ghsahd/MyWork/web/laravel_sarpras/vendor/laravel/framework/src/Illuminate/Pipeline/Pipeline.php(163): Illuminate\\Cookie\\Middleware\\AddQueuedCookiesToResponse->handle()
#10 /home/ghsahd/MyWork/web/laravel_sarpras/vendor/laravel/framework/src/Illuminate/Routing/Pipeline.php(53): Illuminate\\Pipeline\\Pipeline->Illuminate\\Pipeline\\{closure}()
#11 /home/ghsahd/MyWork/web/laravel_sarpras/vendor/laravel/framework/src/Illuminate/Cookie/Middleware/EncryptCookies.php(66): Illuminate\\Routing\\Pipeline->Illuminate\\Routing\\{closure}()
#12 /home/ghsahd/MyWork/web/laravel_sarpras/vendor/laravel/framework/src/Illuminate/Pipeline/Pipeline.php(163): Illuminate\\Cookie\\Middleware\\EncryptCookies->handle()
#13 /home/ghsahd/MyWork/web/laravel_sarpras/vendor/laravel/framework/src/Illuminate/Routing/Pipeline.php(53): Illuminate\\Pipeline\\Pipeline->Illuminate\\Pipeline\\{closure}()
#14 /home/ghsahd/MyWork/web/laravel_sarpras/vendor/laravel/framework/src/Illuminate/Pipeline/Pipeline.php(104): Illuminate\\Routing\\Pipeline->Illuminate\\Routing\\{closure}()
#15 /home/ghsahd/MyWork/web/laravel_sarpras/vendor/laravel/framework/src/Illuminate/Routing/Router.php(682): Illuminate\\Pipeline\\Pipeline->then()
#16 /home/ghsahd/MyWork/web/laravel_sarpras/vendor/laravel/framework/src/Illuminate/Routing/Router.php(657): Illuminate\\Routing\\Router->runRouteWithinStack()
#17 /home/ghsahd/MyWork/web/laravel_sarpras/vendor/laravel/framework/src/Illuminate/Routing/Router.php(623): Illuminate\\Routing\\Router->runRoute()
#18 /home/ghsahd/MyWork/web/laravel_sarpras/vendor/laravel/framework/src/Illuminate/Routing/Router.php(612): Illuminate\\Routing\\Router->dispatchToRoute()
#19 /home/ghsahd/MyWork/web/laravel_sarpras/vendor/laravel/framework/src/Illuminate/Foundation/Http/Kernel.php(176): Illuminate\\Routing\\Router->dispatch()
#20 /home/ghsahd/MyWork/web/laravel_sarpras/vendor/laravel/framework/src/Illuminate/Routing/Pipeline.php(30): Illuminate\\Foundation\\Http\\Kernel->Illuminate\\Foundation\\Http\\{closure}()
#21 /home/ghsahd/MyWork/web/laravel_sarpras/vendor/fideloper/proxy/src/TrustProxies.php(57): Illuminate\\Routing\\Pipeline->Illuminate\\Routing\\{closure}()
#22 /home/ghsahd/MyWork/web/laravel_sarpras/vendor/laravel/framework/src/Illuminate/Pipeline/Pipeline.php(163): Fideloper\\Proxy\\TrustProxies->handle()
#23 /home/ghsahd/MyWork/web/laravel_sarpras/vendor/laravel/framework/src/Illuminate/Routing/Pipeline.php(53): Illuminate\\Pipeline\\Pipeline->Illuminate\\Pipeline\\{closure}()
#24 /home/ghsahd/MyWork/web/laravel_sarpras/vendor/laravel/framework/src/Illuminate/Foundation/Http/Middleware/TransformsRequest.php(21): Illuminate\\Routing\\Pipeline->Illuminate\\Routing\\{closure}()
#25 /home/ghsahd/MyWork/web/laravel_sarpras/vendor/laravel/framework/src/Illuminate/Pipeline/Pipeline.php(163): Illuminate\\Foundation\\Http\\Middleware\\TransformsRequest->handle()
#26 /home/ghsahd/MyWork/web/laravel_sarpras/vendor/laravel/framework/src/Illuminate/Routing/Pipeline.php(53): Illuminate\\Pipeline\\Pipeline->Illuminate\\Pipeline\\{closure}()
#27 /home/ghsahd/MyWork/web/laravel_sarpras/vendor/laravel/framework/src/Illuminate/Foundation/Http/Middleware/TransformsRequest.php(21): Illuminate\\Routing\\Pipeline->Illuminate\\Routing\\{closure}()
#28 /home/ghsahd/MyWork/web/laravel_sarpras/vendor/laravel/framework/src/Illuminate/Pipeline/Pipeline.php(163): Illuminate\\Foundation\\Http\\Middleware\\TransformsRequest->handle()
#29 /home/ghsahd/MyWork/web/laravel_sarpras/vendor/laravel/framework/src/Illuminate/Routing/Pipeline.php(53): Illuminate\\Pipeline\\Pipeline->Illuminate\\Pipeline\\{closure}()
#30 /home/ghsahd/MyWork/web/laravel_sarpras/vendor/laravel/framework/src/Illuminate/Foundation/Http/Middleware/ValidatePostSize.php(27): Illuminate\\Routing\\Pipeline->Illuminate\\Routing\\{closure}()
#31 /home/ghsahd/MyWork/web/laravel_sarpras/vendor/laravel/framework/src/Illuminate/Pipeline/Pipeline.php(163): Illuminate\\Foundation\\Http\\Middleware\\ValidatePostSize->handle()
#32 /home/ghsahd/MyWork/web/laravel_sarpras/vendor/laravel/framework/src/Illuminate/Routing/Pipeline.php(53): Illuminate\\Pipeline\\Pipeline->Illuminate\\Pipeline\\{closure}()
#33 /home/ghsahd/MyWork/web/laravel_sarpras/vendor/laravel/framework/src/Illuminate/Foundation/Http/Middleware/CheckForMaintenanceMode.php(62): Illuminate\\Routing\\Pipeline->Illuminate\\Routing\\{closure}()
#34 /home/ghsahd/MyWork/web/laravel_sarpras/vendor/laravel/framework/src/Illuminate/Pipeline/Pipeline.php(163): Illuminate\\Foundation\\Http\\Middleware\\CheckForMaintenanceMode->handle()
#35 /home/ghsahd/MyWork/web/laravel_sarpras/vendor/laravel/framework/src/Illuminate/Routing/Pipeline.php(53): Illuminate\\Pipeline\\Pipeline->Illuminate\\Pipeline\\{closure}()
#36 /home/ghsahd/MyWork/web/laravel_sarpras/vendor/laravel/framework/src/Illuminate/Pipeline/Pipeline.php(104): Illuminate\\Routing\\Pipeline->Illuminate\\Routing\\{closure}()
#37 /home/ghsahd/MyWork/web/laravel_sarpras/vendor/laravel/framework/src/Illuminate/Foundation/Http/Kernel.php(151): Illuminate\\Pipeline\\Pipeline->then()
#38 /home/ghsahd/MyWork/web/laravel_sarpras/vendor/laravel/framework/src/Illuminate/Foundation/Http/Kernel.php(116): Illuminate\\Foundation\\Http\\Kernel->sendRequestThroughRouter()
#39 /home/ghsahd/MyWork/web/laravel_sarpras/public/index.php(55): Illuminate\\Foundation\\Http\\Kernel->handle()
#40 /home/ghsahd/MyWork/web/laravel_sarpras/server.php(21): require_once('/home/ghsahd/My...')
#41 {main}
"} 
[2023-08-06 17:24:30] local.ERROR: The "D:\Project PKL\Aplikasi Inventaris Barang dengan QR Code Berbasis Website\laravel_sarpras\storage\framework/sessions" directory does not exist. {"exception":"[object] (Symfony\\Component\\Finder\\Exception\\DirectoryNotFoundException(code: 0): The \"D:\\Project PKL\\Aplikasi Inventaris Barang dengan QR Code Berbasis Website\\laravel_sarpras\\storage\\framework/sessions\" directory does not exist. at /home/ghsahd/MyWork/web/laravel_sarpras/vendor/symfony/finder/Finder.php:603)
[stacktrace]
#0 /home/ghsahd/MyWork/web/laravel_sarpras/vendor/laravel/framework/src/Illuminate/Session/FileSessionHandler.php(104): Symfony\\Component\\Finder\\Finder->in()
#1 /home/ghsahd/MyWork/web/laravel_sarpras/vendor/laravel/framework/src/Illuminate/Session/Middleware/StartSession.php(112): Illuminate\\Session\\FileSessionHandler->gc()
#2 /home/ghsahd/MyWork/web/laravel_sarpras/vendor/laravel/framework/src/Illuminate/Session/Middleware/StartSession.php(54): Illuminate\\Session\\Middleware\\StartSession->collectGarbage()
#3 /home/ghsahd/MyWork/web/laravel_sarpras/vendor/laravel/framework/src/Illuminate/Pipeline/Pipeline.php(163): Illuminate\\Session\\Middleware\\StartSession->handle()
#4 /home/ghsahd/MyWork/web/laravel_sarpras/vendor/laravel/framework/src/Illuminate/Routing/Pipeline.php(53): Illuminate\\Pipeline\\Pipeline->Illuminate\\Pipeline\\{closure}()
#5 /home/ghsahd/MyWork/web/laravel_sarpras/vendor/laravel/framework/src/Illuminate/Cookie/Middleware/AddQueuedCookiesToResponse.php(37): Illuminate\\Routing\\Pipeline->Illuminate\\Routing\\{closure}()
#6 /home/ghsahd/MyWork/web/laravel_sarpras/vendor/laravel/framework/src/Illuminate/Pipeline/Pipeline.php(163): Illuminate\\Cookie\\Middleware\\AddQueuedCookiesToResponse->handle()
#7 /home/ghsahd/MyWork/web/laravel_sarpras/vendor/laravel/framework/src/Illuminate/Routing/Pipeline.php(53): Illuminate\\Pipeline\\Pipeline->Illuminate\\Pipeline\\{closure}()
#8 /home/ghsahd/MyWork/web/laravel_sarpras/vendor/laravel/framework/src/Illuminate/Cookie/Middleware/EncryptCookies.php(66): Illuminate\\Routing\\Pipeline->Illuminate\\Routing\\{closure}()
#9 /home/ghsahd/MyWork/web/laravel_sarpras/vendor/laravel/framework/src/Illuminate/Pipeline/Pipeline.php(163): Illuminate\\Cookie\\Middleware\\EncryptCookies->handle()
#10 /home/ghsahd/MyWork/web/laravel_sarpras/vendor/laravel/framework/src/Illuminate/Routing/Pipeline.php(53): Illuminate\\Pipeline\\Pipeline->Illuminate\\Pipeline\\{closure}()
#11 /home/ghsahd/MyWork/web/laravel_sarpras/vendor/laravel/framework/src/Illuminate/Pipeline/Pipeline.php(104): Illuminate\\Routing\\Pipeline->Illuminate\\Routing\\{closure}()
#12 /home/ghsahd/MyWork/web/laravel_sarpras/vendor/laravel/framework/src/Illuminate/Routing/Router.php(682): Illuminate\\Pipeline\\Pipeline->then()
#13 /home/ghsahd/MyWork/web/laravel_sarpras/vendor/laravel/framework/src/Illuminate/Routing/Router.php(657): Illuminate\\Routing\\Router->runRouteWithinStack()
#14 /home/ghsahd/MyWork/web/laravel_sarpras/vendor/laravel/framework/src/Illuminate/Routing/Router.php(623): Illuminate\\Routing\\Router->runRoute()
#15 /home/ghsahd/MyWork/web/laravel_sarpras/vendor/laravel/framework/src/Illuminate/Routing/Router.php(612): Illuminate\\Routing\\Router->dispatchToRoute()
#16 /home/ghsahd/MyWork/web/laravel_sarpras/vendor/laravel/framework/src/Illuminate/Foundation/Http/Kernel.php(176): Illuminate\\Routing\\Router->dispatch()
#17 /home/ghsahd/MyWork/web/laravel_sarpras/vendor/laravel/framework/src/Illuminate/Routing/Pipeline.php(30): Illuminate\\Foundation\\Http\\Kernel->Illuminate\\Foundation\\Http\\{closure}()
#18 /home/ghsahd/MyWork/web/laravel_sarpras/vendor/fideloper/proxy/src/TrustProxies.php(57): Illuminate\\Routing\\Pipeline->Illuminate\\Routing\\{closure}()
#19 /home/ghsahd/MyWork/web/laravel_sarpras/vendor/laravel/framework/src/Illuminate/Pipeline/Pipeline.php(163): Fideloper\\Proxy\\TrustProxies->handle()
#20 /home/ghsahd/MyWork/web/laravel_sarpras/vendor/laravel/framework/src/Illuminate/Routing/Pipeline.php(53): Illuminate\\Pipeline\\Pipeline->Illuminate\\Pipeline\\{closure}()
#21 /home/ghsahd/MyWork/web/laravel_sarpras/vendor/laravel/framework/src/Illuminate/Foundation/Http/Middleware/TransformsRequest.php(21): Illuminate\\Routing\\Pipeline->Illuminate\\Routing\\{closure}()
#22 /home/ghsahd/MyWork/web/laravel_sarpras/vendor/laravel/framework/src/Illuminate/Pipeline/Pipeline.php(163): Illuminate\\Foundation\\Http\\Middleware\\TransformsRequest->handle()
#23 /home/ghsahd/MyWork/web/laravel_sarpras/vendor/laravel/framework/src/Illuminate/Routing/Pipeline.php(53): Illuminate\\Pipeline\\Pipeline->Illuminate\\Pipeline\\{closure}()
#24 /home/ghsahd/MyWork/web/laravel_sarpras/vendor/laravel/framework/src/Illuminate/Foundation/Http/Middleware/TransformsRequest.php(21): Illuminate\\Routing\\Pipeline->Illuminate\\Routing\\{closure}()
#25 /home/ghsahd/MyWork/web/laravel_sarpras/vendor/laravel/framework/src/Illuminate/Pipeline/Pipeline.php(163): Illuminate\\Foundation\\Http\\Middleware\\TransformsRequest->handle()
#26 /home/ghsahd/MyWork/web/laravel_sarpras/vendor/laravel/framework/src/Illuminate/Routing/Pipeline.php(53): Illuminate\\Pipeline\\Pipeline->Illuminate\\Pipeline\\{closure}()
#27 /home/ghsahd/MyWork/web/laravel_sarpras/vendor/laravel/framework/src/Illuminate/Foundation/Http/Middleware/ValidatePostSize.php(27): Illuminate\\Routing\\Pipeline->Illuminate\\Routing\\{closure}()
#28 /home/ghsahd/MyWork/web/laravel_sarpras/vendor/laravel/framework/src/Illuminate/Pipeline/Pipeline.php(163): Illuminate\\Foundation\\Http\\Middleware\\ValidatePostSize->handle()
#29 /home/ghsahd/MyWork/web/laravel_sarpras/vendor/laravel/framework/src/Illuminate/Routing/Pipeline.php(53): Illuminate\\Pipeline\\Pipeline->Illuminate\\Pipeline\\{closure}()
#30 /home/ghsahd/MyWork/web/laravel_sarpras/vendor/laravel/framework/src/Illuminate/Foundation/Http/Middleware/CheckForMaintenanceMode.php(62): Illuminate\\Routing\\Pipeline->Illuminate\\Routing\\{closure}()
#31 /home/ghsahd/MyWork/web/laravel_sarpras/vendor/laravel/framework/src/Illuminate/Pipeline/Pipeline.php(163): Illuminate\\Foundation\\Http\\Middleware\\CheckForMaintenanceMode->handle()
#32 /home/ghsahd/MyWork/web/laravel_sarpras/vendor/laravel/framework/src/Illuminate/Routing/Pipeline.php(53): Illuminate\\Pipeline\\Pipeline->Illuminate\\Pipeline\\{closure}()
#33 /home/ghsahd/MyWork/web/laravel_sarpras/vendor/laravel/framework/src/Illuminate/Pipeline/Pipeline.php(104): Illuminate\\Routing\\Pipeline->Illuminate\\Routing\\{closure}()
#34 /home/ghsahd/MyWork/web/laravel_sarpras/vendor/laravel/framework/src/Illuminate/Foundation/Http/Kernel.php(151): Illuminate\\Pipeline\\Pipeline->then()
#35 /home/ghsahd/MyWork/web/laravel_sarpras/vendor/laravel/framework/src/Illuminate/Foundation/Http/Kernel.php(116): Illuminate\\Foundation\\Http\\Kernel->sendRequestThroughRouter()
#36 /home/ghsahd/MyWork/web/laravel_sarpras/public/index.php(55): Illuminate\\Foundation\\Http\\Kernel->handle()
#37 /home/ghsahd/MyWork/web/laravel_sarpras/server.php(21): require_once('/home/ghsahd/My...')
#38 {main}
"} 
[2023-08-06 17:27:55] local.ERROR: View [auth.login] not found. {"exception":"[object] (InvalidArgumentException(code: 0): View [auth.login] not found. at /home/ghsahd/MyWork/web/laravel_sarpras/vendor/laravel/framework/src/Illuminate/View/FileViewFinder.php:137)
[stacktrace]
#0 /home/ghsahd/MyWork/web/laravel_sarpras/vendor/laravel/framework/src/Illuminate/View/FileViewFinder.php(79): Illuminate\\View\\FileViewFinder->findInPaths()
#1 /home/ghsahd/MyWork/web/laravel_sarpras/vendor/laravel/framework/src/Illuminate/View/Factory.php(131): Illuminate\\View\\FileViewFinder->find()
#2 /home/ghsahd/MyWork/web/laravel_sarpras/vendor/laravel/framework/src/Illuminate/Foundation/helpers.php(971): Illuminate\\View\\Factory->make()
#3 /home/ghsahd/MyWork/web/laravel_sarpras/routes/web.php(15): view()
#4 /home/ghsahd/MyWork/web/laravel_sarpras/vendor/laravel/framework/src/Illuminate/Routing/Route.php(205): Illuminate\\Routing\\RouteFileRegistrar->{closure}()
#5 /home/ghsahd/MyWork/web/laravel_sarpras/vendor/laravel/framework/src/Illuminate/Routing/Route.php(179): Illuminate\\Routing\\Route->runCallable()
#6 /home/ghsahd/MyWork/web/laravel_sarpras/vendor/laravel/framework/src/Illuminate/Routing/Router.php(680): Illuminate\\Routing\\Route->run()
#7 /home/ghsahd/MyWork/web/laravel_sarpras/vendor/laravel/framework/src/Illuminate/Routing/Pipeline.php(30): Illuminate\\Routing\\Router->Illuminate\\Routing\\{closure}()
#8 /home/ghsahd/MyWork/web/laravel_sarpras/vendor/laravel/framework/src/Illuminate/Routing/Middleware/SubstituteBindings.php(41): Illuminate\\Routing\\Pipeline->Illuminate\\Routing\\{closure}()
#9 /home/ghsahd/MyWork/web/laravel_sarpras/vendor/laravel/framework/src/Illuminate/Pipeline/Pipeline.php(163): Illuminate\\Routing\\Middleware\\SubstituteBindings->handle()
#10 /home/ghsahd/MyWork/web/laravel_sarpras/vendor/laravel/framework/src/Illuminate/Routing/Pipeline.php(53): Illuminate\\Pipeline\\Pipeline->Illuminate\\Pipeline\\{closure}()
#11 /home/ghsahd/MyWork/web/laravel_sarpras/vendor/laravel/framework/src/Illuminate/Foundation/Http/Middleware/VerifyCsrfToken.php(75): Illuminate\\Routing\\Pipeline->Illuminate\\Routing\\{closure}()
#12 /home/ghsahd/MyWork/web/laravel_sarpras/vendor/laravel/framework/src/Illuminate/Pipeline/Pipeline.php(163): Illuminate\\Foundation\\Http\\Middleware\\VerifyCsrfToken->handle()
#13 /home/ghsahd/MyWork/web/laravel_sarpras/vendor/laravel/framework/src/Illuminate/Routing/Pipeline.php(53): Illuminate\\Pipeline\\Pipeline->Illuminate\\Pipeline\\{closure}()
#14 /home/ghsahd/MyWork/web/laravel_sarpras/vendor/laravel/framework/src/Illuminate/View/Middleware/ShareErrorsFromSession.php(49): Illuminate\\Routing\\Pipeline->Illuminate\\Routing\\{closure}()
#15 /home/ghsahd/MyWork/web/laravel_sarpras/vendor/laravel/framework/src/Illuminate/Pipeline/Pipeline.php(163): Illuminate\\View\\Middleware\\ShareErrorsFromSession->handle()
#16 /home/ghsahd/MyWork/web/laravel_sarpras/vendor/laravel/framework/src/Illuminate/Routing/Pipeline.php(53): Illuminate\\Pipeline\\Pipeline->Illuminate\\Pipeline\\{closure}()
#17 /home/ghsahd/MyWork/web/laravel_sarpras/vendor/laravel/framework/src/Illuminate/Session/Middleware/StartSession.php(56): Illuminate\\Routing\\Pipeline->Illuminate\\Routing\\{closure}()
#18 /home/ghsahd/MyWork/web/laravel_sarpras/vendor/laravel/framework/src/Illuminate/Pipeline/Pipeline.php(163): Illuminate\\Session\\Middleware\\StartSession->handle()
#19 /home/ghsahd/MyWork/web/laravel_sarpras/vendor/laravel/framework/src/Illuminate/Routing/Pipeline.php(53): Illuminate\\Pipeline\\Pipeline->Illuminate\\Pipeline\\{closure}()
#20 /home/ghsahd/MyWork/web/laravel_sarpras/vendor/laravel/framework/src/Illuminate/Cookie/Middleware/AddQueuedCookiesToResponse.php(37): Illuminate\\Routing\\Pipeline->Illuminate\\Routing\\{closure}()
#21 /home/ghsahd/MyWork/web/laravel_sarpras/vendor/laravel/framework/src/Illuminate/Pipeline/Pipeline.php(163): Illuminate\\Cookie\\Middleware\\AddQueuedCookiesToResponse->handle()
#22 /home/ghsahd/MyWork/web/laravel_sarpras/vendor/laravel/framework/src/Illuminate/Routing/Pipeline.php(53): Illuminate\\Pipeline\\Pipeline->Illuminate\\Pipeline\\{closure}()
#23 /home/ghsahd/MyWork/web/laravel_sarpras/vendor/laravel/framework/src/Illuminate/Cookie/Middleware/EncryptCookies.php(66): Illuminate\\Routing\\Pipeline->Illuminate\\Routing\\{closure}()
#24 /home/ghsahd/MyWork/web/laravel_sarpras/vendor/laravel/framework/src/Illuminate/Pipeline/Pipeline.php(163): Illuminate\\Cookie\\Middleware\\EncryptCookies->handle()
#25 /home/ghsahd/MyWork/web/laravel_sarpras/vendor/laravel/framework/src/Illuminate/Routing/Pipeline.php(53): Illuminate\\Pipeline\\Pipeline->Illuminate\\Pipeline\\{closure}()
#26 /home/ghsahd/MyWork/web/laravel_sarpras/vendor/laravel/framework/src/Illuminate/Pipeline/Pipeline.php(104): Illuminate\\Routing\\Pipeline->Illuminate\\Routing\\{closure}()
#27 /home/ghsahd/MyWork/web/laravel_sarpras/vendor/laravel/framework/src/Illuminate/Routing/Router.php(682): Illuminate\\Pipeline\\Pipeline->then()
#28 /home/ghsahd/MyWork/web/laravel_sarpras/vendor/laravel/framework/src/Illuminate/Routing/Router.php(657): Illuminate\\Routing\\Router->runRouteWithinStack()
#29 /home/ghsahd/MyWork/web/laravel_sarpras/vendor/laravel/framework/src/Illuminate/Routing/Router.php(623): Illuminate\\Routing\\Router->runRoute()
#30 /home/ghsahd/MyWork/web/laravel_sarpras/vendor/laravel/framework/src/Illuminate/Routing/Router.php(612): Illuminate\\Routing\\Router->dispatchToRoute()
#31 /home/ghsahd/MyWork/web/laravel_sarpras/vendor/laravel/framework/src/Illuminate/Foundation/Http/Kernel.php(176): Illuminate\\Routing\\Router->dispatch()
#32 /home/ghsahd/MyWork/web/laravel_sarpras/vendor/laravel/framework/src/Illuminate/Routing/Pipeline.php(30): Illuminate\\Foundation\\Http\\Kernel->Illuminate\\Foundation\\Http\\{closure}()
#33 /home/ghsahd/MyWork/web/laravel_sarpras/vendor/fideloper/proxy/src/TrustProxies.php(57): Illuminate\\Routing\\Pipeline->Illuminate\\Routing\\{closure}()
#34 /home/ghsahd/MyWork/web/laravel_sarpras/vendor/laravel/framework/src/Illuminate/Pipeline/Pipeline.php(163): Fideloper\\Proxy\\TrustProxies->handle()
#35 /home/ghsahd/MyWork/web/laravel_sarpras/vendor/laravel/framework/src/Illuminate/Routing/Pipeline.php(53): Illuminate\\Pipeline\\Pipeline->Illuminate\\Pipeline\\{closure}()
#36 /home/ghsahd/MyWork/web/laravel_sarpras/vendor/laravel/framework/src/Illuminate/Foundation/Http/Middleware/TransformsRequest.php(21): Illuminate\\Routing\\Pipeline->Illuminate\\Routing\\{closure}()
#37 /home/ghsahd/MyWork/web/laravel_sarpras/vendor/laravel/framework/src/Illuminate/Pipeline/Pipeline.php(163): Illuminate\\Foundation\\Http\\Middleware\\TransformsRequest->handle()
#38 /home/ghsahd/MyWork/web/laravel_sarpras/vendor/laravel/framework/src/Illuminate/Routing/Pipeline.php(53): Illuminate\\Pipeline\\Pipeline->Illuminate\\Pipeline\\{closure}()
#39 /home/ghsahd/MyWork/web/laravel_sarpras/vendor/laravel/framework/src/Illuminate/Foundation/Http/Middleware/TransformsRequest.php(21): Illuminate\\Routing\\Pipeline->Illuminate\\Routing\\{closure}()
#40 /home/ghsahd/MyWork/web/laravel_sarpras/vendor/laravel/framework/src/Illuminate/Pipeline/Pipeline.php(163): Illuminate\\Foundation\\Http\\Middleware\\TransformsRequest->handle()
#41 /home/ghsahd/MyWork/web/laravel_sarpras/vendor/laravel/framework/src/Illuminate/Routing/Pipeline.php(53): Illuminate\\Pipeline\\Pipeline->Illuminate\\Pipeline\\{closure}()
#42 /home/ghsahd/MyWork/web/laravel_sarpras/vendor/laravel/framework/src/Illuminate/Foundation/Http/Middleware/ValidatePostSize.php(27): Illuminate\\Routing\\Pipeline->Illuminate\\Routing\\{closure}()
#43 /home/ghsahd/MyWork/web/laravel_sarpras/vendor/laravel/framework/src/Illuminate/Pipeline/Pipeline.php(163): Illuminate\\Foundation\\Http\\Middleware\\ValidatePostSize->handle()
#44 /home/ghsahd/MyWork/web/laravel_sarpras/vendor/laravel/framework/src/Illuminate/Routing/Pipeline.php(53): Illuminate\\Pipeline\\Pipeline->Illuminate\\Pipeline\\{closure}()
#45 /home/ghsahd/MyWork/web/laravel_sarpras/vendor/laravel/framework/src/Illuminate/Foundation/Http/Middleware/CheckForMaintenanceMode.php(62): Illuminate\\Routing\\Pipeline->Illuminate\\Routing\\{closure}()
#46 /home/ghsahd/MyWork/web/laravel_sarpras/vendor/laravel/framework/src/Illuminate/Pipeline/Pipeline.php(163): Illuminate\\Foundation\\Http\\Middleware\\CheckForMaintenanceMode->handle()
#47 /home/ghsahd/MyWork/web/laravel_sarpras/vendor/laravel/framework/src/Illuminate/Routing/Pipeline.php(53): Illuminate\\Pipeline\\Pipeline->Illuminate\\Pipeline\\{closure}()
#48 /home/ghsahd/MyWork/web/laravel_sarpras/vendor/laravel/framework/src/Illuminate/Pipeline/Pipeline.php(104): Illuminate\\Routing\\Pipeline->Illuminate\\Routing\\{closure}()
#49 /home/ghsahd/MyWork/web/laravel_sarpras/vendor/laravel/framework/src/Illuminate/Foundation/Http/Kernel.php(151): Illuminate\\Pipeline\\Pipeline->then()
#50 /home/ghsahd/MyWork/web/laravel_sarpras/vendor/laravel/framework/src/Illuminate/Foundation/Http/Kernel.php(116): Illuminate\\Foundation\\Http\\Kernel->sendRequestThroughRouter()
#51 /home/ghsahd/MyWork/web/laravel_sarpras/public/index.php(55): Illuminate\\Foundation\\Http\\Kernel->handle()
#52 /home/ghsahd/MyWork/web/laravel_sarpras/server.php(21): require_once('/home/ghsahd/My...')
#53 {main}
"} 
[2023-08-06 17:27:55] local.ERROR: file_put_contents(D:\Project PKL\Aplikasi Inventaris Barang dengan QR Code Berbasis Website\laravel_sarpras\storage\framework/sessions/O0CijzaIpCgJ5rbzRCPVy6zY5DzLmSaiqG2hORYT): failed to open stream: No such file or directory {"exception":"[object] (ErrorException(code: 0): file_put_contents(D:\\Project PKL\\Aplikasi Inventaris Barang dengan QR Code Berbasis Website\\laravel_sarpras\\storage\\framework/sessions/O0CijzaIpCgJ5rbzRCPVy6zY5DzLmSaiqG2hORYT): failed to open stream: No such file or directory at /home/ghsahd/MyWork/web/laravel_sarpras/vendor/laravel/framework/src/Illuminate/Filesystem/Filesystem.php:122)
[stacktrace]
#0 [internal function]: Illuminate\\Foundation\\Bootstrap\\HandleExceptions->handleError()
#1 /home/ghsahd/MyWork/web/laravel_sarpras/vendor/laravel/framework/src/Illuminate/Filesystem/Filesystem.php(122): file_put_contents()
#2 /home/ghsahd/MyWork/web/laravel_sarpras/vendor/laravel/framework/src/Illuminate/Session/FileSessionHandler.php(83): Illuminate\\Filesystem\\Filesystem->put()
#3 /home/ghsahd/MyWork/web/laravel_sarpras/vendor/laravel/framework/src/Illuminate/Session/Store.php(129): Illuminate\\Session\\FileSessionHandler->write()
#4 /home/ghsahd/MyWork/web/laravel_sarpras/vendor/laravel/framework/src/Illuminate/Session/Middleware/StartSession.php(170): Illuminate\\Session\\Store->save()
#5 /home/ghsahd/MyWork/web/laravel_sarpras/vendor/laravel/framework/src/Illuminate/Session/Middleware/StartSession.php(65): Illuminate\\Session\\Middleware\\StartSession->saveSession()
#6 /home/ghsahd/MyWork/web/laravel_sarpras/vendor/laravel/framework/src/Illuminate/Pipeline/Pipeline.php(163): Illuminate\\Session\\Middleware\\StartSession->handle()
#7 /home/ghsahd/MyWork/web/laravel_sarpras/vendor/laravel/framework/src/Illuminate/Routing/Pipeline.php(53): Illuminate\\Pipeline\\Pipeline->Illuminate\\Pipeline\\{closure}()
#8 /home/ghsahd/MyWork/web/laravel_sarpras/vendor/laravel/framework/src/Illuminate/Cookie/Middleware/AddQueuedCookiesToResponse.php(37): Illuminate\\Routing\\Pipeline->Illuminate\\Routing\\{closure}()
#9 /home/ghsahd/MyWork/web/laravel_sarpras/vendor/laravel/framework/src/Illuminate/Pipeline/Pipeline.php(163): Illuminate\\Cookie\\Middleware\\AddQueuedCookiesToResponse->handle()
#10 /home/ghsahd/MyWork/web/laravel_sarpras/vendor/laravel/framework/src/Illuminate/Routing/Pipeline.php(53): Illuminate\\Pipeline\\Pipeline->Illuminate\\Pipeline\\{closure}()
#11 /home/ghsahd/MyWork/web/laravel_sarpras/vendor/laravel/framework/src/Illuminate/Cookie/Middleware/EncryptCookies.php(66): Illuminate\\Routing\\Pipeline->Illuminate\\Routing\\{closure}()
#12 /home/ghsahd/MyWork/web/laravel_sarpras/vendor/laravel/framework/src/Illuminate/Pipeline/Pipeline.php(163): Illuminate\\Cookie\\Middleware\\EncryptCookies->handle()
#13 /home/ghsahd/MyWork/web/laravel_sarpras/vendor/laravel/framework/src/Illuminate/Routing/Pipeline.php(53): Illuminate\\Pipeline\\Pipeline->Illuminate\\Pipeline\\{closure}()
#14 /home/ghsahd/MyWork/web/laravel_sarpras/vendor/laravel/framework/src/Illuminate/Pipeline/Pipeline.php(104): Illuminate\\Routing\\Pipeline->Illuminate\\Routing\\{closure}()
#15 /home/ghsahd/MyWork/web/laravel_sarpras/vendor/laravel/framework/src/Illuminate/Routing/Router.php(682): Illuminate\\Pipeline\\Pipeline->then()
#16 /home/ghsahd/MyWork/web/laravel_sarpras/vendor/laravel/framework/src/Illuminate/Routing/Router.php(657): Illuminate\\Routing\\Router->runRouteWithinStack()
#17 /home/ghsahd/MyWork/web/laravel_sarpras/vendor/laravel/framework/src/Illuminate/Routing/Router.php(623): Illuminate\\Routing\\Router->runRoute()
#18 /home/ghsahd/MyWork/web/laravel_sarpras/vendor/laravel/framework/src/Illuminate/Routing/Router.php(612): Illuminate\\Routing\\Router->dispatchToRoute()
#19 /home/ghsahd/MyWork/web/laravel_sarpras/vendor/laravel/framework/src/Illuminate/Foundation/Http/Kernel.php(176): Illuminate\\Routing\\Router->dispatch()
#20 /home/ghsahd/MyWork/web/laravel_sarpras/vendor/laravel/framework/src/Illuminate/Routing/Pipeline.php(30): Illuminate\\Foundation\\Http\\Kernel->Illuminate\\Foundation\\Http\\{closure}()
#21 /home/ghsahd/MyWork/web/laravel_sarpras/vendor/fideloper/proxy/src/TrustProxies.php(57): Illuminate\\Routing\\Pipeline->Illuminate\\Routing\\{closure}()
#22 /home/ghsahd/MyWork/web/laravel_sarpras/vendor/laravel/framework/src/Illuminate/Pipeline/Pipeline.php(163): Fideloper\\Proxy\\TrustProxies->handle()
#23 /home/ghsahd/MyWork/web/laravel_sarpras/vendor/laravel/framework/src/Illuminate/Routing/Pipeline.php(53): Illuminate\\Pipeline\\Pipeline->Illuminate\\Pipeline\\{closure}()
#24 /home/ghsahd/MyWork/web/laravel_sarpras/vendor/laravel/framework/src/Illuminate/Foundation/Http/Middleware/TransformsRequest.php(21): Illuminate\\Routing\\Pipeline->Illuminate\\Routing\\{closure}()
#25 /home/ghsahd/MyWork/web/laravel_sarpras/vendor/laravel/framework/src/Illuminate/Pipeline/Pipeline.php(163): Illuminate\\Foundation\\Http\\Middleware\\TransformsRequest->handle()
#26 /home/ghsahd/MyWork/web/laravel_sarpras/vendor/laravel/framework/src/Illuminate/Routing/Pipeline.php(53): Illuminate\\Pipeline\\Pipeline->Illuminate\\Pipeline\\{closure}()
#27 /home/ghsahd/MyWork/web/laravel_sarpras/vendor/laravel/framework/src/Illuminate/Foundation/Http/Middleware/TransformsRequest.php(21): Illuminate\\Routing\\Pipeline->Illuminate\\Routing\\{closure}()
#28 /home/ghsahd/MyWork/web/laravel_sarpras/vendor/laravel/framework/src/Illuminate/Pipeline/Pipeline.php(163): Illuminate\\Foundation\\Http\\Middleware\\TransformsRequest->handle()
#29 /home/ghsahd/MyWork/web/laravel_sarpras/vendor/laravel/framework/src/Illuminate/Routing/Pipeline.php(53): Illuminate\\Pipeline\\Pipeline->Illuminate\\Pipeline\\{closure}()
#30 /home/ghsahd/MyWork/web/laravel_sarpras/vendor/laravel/framework/src/Illuminate/Foundation/Http/Middleware/ValidatePostSize.php(27): Illuminate\\Routing\\Pipeline->Illuminate\\Routing\\{closure}()
#31 /home/ghsahd/MyWork/web/laravel_sarpras/vendor/laravel/framework/src/Illuminate/Pipeline/Pipeline.php(163): Illuminate\\Foundation\\Http\\Middleware\\ValidatePostSize->handle()
#32 /home/ghsahd/MyWork/web/laravel_sarpras/vendor/laravel/framework/src/Illuminate/Routing/Pipeline.php(53): Illuminate\\Pipeline\\Pipeline->Illuminate\\Pipeline\\{closure}()
#33 /home/ghsahd/MyWork/web/laravel_sarpras/vendor/laravel/framework/src/Illuminate/Foundation/Http/Middleware/CheckForMaintenanceMode.php(62): Illuminate\\Routing\\Pipeline->Illuminate\\Routing\\{closure}()
#34 /home/ghsahd/MyWork/web/laravel_sarpras/vendor/laravel/framework/src/Illuminate/Pipeline/Pipeline.php(163): Illuminate\\Foundation\\Http\\Middleware\\CheckForMaintenanceMode->handle()
#35 /home/ghsahd/MyWork/web/laravel_sarpras/vendor/laravel/framework/src/Illuminate/Routing/Pipeline.php(53): Illuminate\\Pipeline\\Pipeline->Illuminate\\Pipeline\\{closure}()
#36 /home/ghsahd/MyWork/web/laravel_sarpras/vendor/laravel/framework/src/Illuminate/Pipeline/Pipeline.php(104): Illuminate\\Routing\\Pipeline->Illuminate\\Routing\\{closure}()
#37 /home/ghsahd/MyWork/web/laravel_sarpras/vendor/laravel/framework/src/Illuminate/Foundation/Http/Kernel.php(151): Illuminate\\Pipeline\\Pipeline->then()
#38 /home/ghsahd/MyWork/web/laravel_sarpras/vendor/laravel/framework/src/Illuminate/Foundation/Http/Kernel.php(116): Illuminate\\Foundation\\Http\\Kernel->sendRequestThroughRouter()
#39 /home/ghsahd/MyWork/web/laravel_sarpras/public/index.php(55): Illuminate\\Foundation\\Http\\Kernel->handle()
#40 /home/ghsahd/MyWork/web/laravel_sarpras/server.php(21): require_once('/home/ghsahd/My...')
#41 {main}
"} 
